\BOOKMARK [0][-]{chapter*.1}{\376\377\000D\000e\000d\000i\000c\000a\000c\000e}{}% 1
\BOOKMARK [0][-]{chapter*.2}{\376\377\000R\000e\000m\000e\000r\000c\000i\000e\000m\000e\000n\000t\000s}{}% 2
\BOOKMARK [0][-]{chapter*.3}{\376\377\000R\000e\000s\000u\000m\000e}{}% 3
\BOOKMARK [0][-]{chapter*.4}{\376\377\000A\000b\000s\000t\000r\000a\000c\000t}{}% 4
\BOOKMARK [0][-]{chapter*.8}{\376\377\000L\000i\000s\000t\000e\000\040\000d\000e\000s\000\040\000a\000b\000r\000\351\000v\000i\000a\000t\000i\000o\000n\000s}{}% 5
\BOOKMARK [0][-]{chapter*.9}{\376\377\000I\000n\000t\000r\000o\000d\000u\000c\000t\000i\000o\000n\000\040\000g\000e\000n\000e\000r\000a\000l\000e}{}% 6
\BOOKMARK [0][-]{chapter.1}{\376\377\000R\000e\000v\000u\000e\000\040\000d\000e\000\040\000l\000a\000\040\000l\000i\000t\000t\000e\000r\000a\000t\000u\000r\000e}{}% 7
\BOOKMARK [1][-]{section.1.1}{\376\377\000L\000e\000s\000\040\000t\000r\000a\000n\000s\000f\000e\000r\000t\000s\000\040\000d\000e\000\040\000m\000i\000g\000r\000a\000n\000t\000s\000\040\000:\000\040\000d\000e\000f\000i\000n\000i\000t\000i\000o\000n\000s\000,\000\040\000a\000m\000p\000l\000e\000u\000r\000\040\000e\000t\000\040\000t\000h\000e\000o\000r\000i\000e\000s}{chapter.1}% 8
\BOOKMARK [2][-]{subsection.1.1.1}{\376\377\000D\000e\000f\000i\000n\000i\000t\000i\000o\000n\000s\000\040\000e\000t\000\040\000m\000e\000s\000u\000r\000e}{section.1.1}% 9
\BOOKMARK [2][-]{subsection.1.1.2}{\376\377\000A\000m\000p\000l\000e\000u\000r\000\040\000e\000t\000\040\000t\000e\000n\000d\000a\000n\000c\000e\000s}{section.1.1}% 10
\BOOKMARK [2][-]{subsection.1.1.3}{\376\377\000T\000h\000e\000o\000r\000i\000e\000s\000\040\000d\000e\000s\000\040\000m\000o\000t\000i\000v\000a\000t\000i\000o\000n\000s\000\040\000a\000\040\000t\000r\000a\000n\000s\000f\000e\000r\000e\000r}{section.1.1}% 11
\BOOKMARK [1][-]{section.1.2}{\376\377\000P\000a\000u\000v\000r\000e\000t\000e\000\040\000m\000u\000l\000t\000i\000d\000i\000m\000e\000n\000s\000i\000o\000n\000n\000e\000l\000l\000e\000\040\000:\000\040\000a\000p\000p\000r\000o\000c\000h\000e\000\040\000c\000o\000n\000c\000e\000p\000t\000u\000e\000l\000l\000e\000\040\000e\000t\000\040\000m\000e\000s\000u\000r\000e}{chapter.1}% 12
\BOOKMARK [2][-]{subsection.1.2.1}{\376\377\000L\000i\000m\000i\000t\000e\000s\000\040\000d\000e\000\040\000l\000'\000a\000p\000p\000r\000o\000c\000h\000e\000\040\000m\000o\000n\000e\000t\000a\000i\000r\000e}{section.1.2}% 13
\BOOKMARK [2][-]{subsection.1.2.2}{\376\377\000L\000'\000a\000p\000p\000r\000o\000c\000h\000e\000\040\000A\000l\000k\000i\000r\000e\000-\000F\000o\000s\000t\000e\000r}{section.1.2}% 14
\BOOKMARK [2][-]{subsection.1.2.3}{\376\377\000P\000a\000u\000v\000r\000e\000t\000e\000\040\000m\000u\000l\000t\000i\000d\000i\000m\000e\000n\000s\000i\000o\000n\000n\000e\000l\000l\000e\000\040\000d\000e\000s\000\040\000e\000n\000f\000a\000n\000t\000s}{section.1.2}% 15
\BOOKMARK [1][-]{section.1.3}{\376\377\000I\000m\000p\000a\000c\000t\000\040\000d\000e\000s\000\040\000t\000r\000a\000n\000s\000f\000e\000r\000t\000s\000\040\000s\000u\000r\000\040\000l\000e\000\040\000b\000i\000e\000n\000-\000e\000t\000r\000e\000\040\000d\000e\000s\000\040\000m\000e\000n\000a\000g\000e\000s\000\040\000:\000\040\000r\000e\000v\000u\000e\000\040\000e\000m\000p\000i\000r\000i\000q\000u\000e}{chapter.1}% 16
\BOOKMARK [2][-]{subsection.1.3.1}{\376\377\000E\000f\000f\000e\000t\000s\000\040\000s\000u\000r\000\040\000l\000a\000\040\000p\000a\000u\000v\000r\000e\000t\000e\000\040\000m\000o\000n\000e\000t\000a\000i\000r\000e}{section.1.3}% 17
\BOOKMARK [2][-]{subsection.1.3.2}{\376\377\000E\000f\000f\000e\000t\000s\000\040\000s\000u\000r\000\040\000l\000'\000e\000d\000u\000c\000a\000t\000i\000o\000n\000\040\000d\000e\000s\000\040\000e\000n\000f\000a\000n\000t\000s}{section.1.3}% 18
\BOOKMARK [2][-]{subsection.1.3.3}{\376\377\000E\000f\000f\000e\000t\000s\000\040\000s\000u\000r\000\040\000l\000a\000\040\000s\000a\000n\000t\000e\000\040\000d\000e\000s\000\040\000e\000n\000f\000a\000n\000t\000s}{section.1.3}% 19
\BOOKMARK [2][-]{subsection.1.3.4}{\376\377\000E\000f\000f\000e\000t\000s\000\040\000s\000u\000r\000\040\000l\000e\000s\000\040\000c\000o\000n\000d\000i\000t\000i\000o\000n\000s\000\040\000d\000e\000\040\000l\000o\000g\000e\000m\000e\000n\000t\000\040\000e\000t\000\040\000d\000e\000\040\000v\000i\000e}{section.1.3}% 20
\BOOKMARK [1][-]{section.1.4}{\376\377\000I\000m\000p\000a\000c\000t\000\040\000d\000e\000s\000\040\000t\000r\000a\000n\000s\000f\000e\000r\000t\000s\000\040\000s\000u\000r\000\040\000l\000a\000\040\000p\000a\000u\000v\000r\000e\000t\000e\000\040\000m\000u\000l\000t\000i\000d\000i\000m\000e\000n\000s\000i\000o\000n\000n\000e\000l\000l\000e\000\040\000:\000\040\000b\000i\000l\000a\000n\000\040\000e\000t\000\040\000l\000a\000c\000u\000n\000e\000s}{chapter.1}% 21
\BOOKMARK [2][-]{subsection.1.4.1}{\376\377\000T\000r\000a\000v\000a\000u\000x\000\040\000c\000o\000m\000b\000i\000n\000a\000n\000t\000\040\000t\000r\000a\000n\000s\000f\000e\000r\000t\000s\000\040\000e\000t\000\040\000p\000a\000u\000v\000r\000e\000t\000e\000\040\000m\000u\000l\000t\000i\000d\000i\000m\000e\000n\000s\000i\000o\000n\000n\000e\000l\000l\000e}{section.1.4}% 22
\BOOKMARK [2][-]{subsection.1.4.2}{\376\377\000M\000e\000t\000h\000o\000d\000e\000s\000\040\000d\000'\000i\000d\000e\000n\000t\000i\000f\000i\000c\000a\000t\000i\000o\000n\000\040\000c\000a\000u\000s\000a\000l\000e}{section.1.4}% 23
\BOOKMARK [2][-]{subsection.1.4.3}{\376\377\000L\000a\000c\000u\000n\000e\000s\000\040\000d\000e\000\040\000l\000a\000\040\000l\000i\000t\000t\000e\000r\000a\000t\000u\000r\000e\000\040\000e\000t\000\040\000c\000o\000n\000t\000r\000i\000b\000u\000t\000i\000o\000n\000\040\000d\000e\000\040\000c\000e\000\040\000t\000r\000a\000v\000a\000i\000l}{section.1.4}% 24
\BOOKMARK [1][-]{section*.10}{\376\377\000C\000o\000n\000c\000l\000u\000s\000i\000o\000n\000\040\000d\000u\000\040\000c\000h\000a\000p\000i\000t\000r\000e\000\040\0001}{chapter.1}% 25
\BOOKMARK [0][-]{chapter.2}{\376\377\000C\000a\000d\000r\000e\000\040\000m\000e\000t\000h\000o\000d\000o\000l\000o\000g\000i\000q\000u\000e}{}% 26
\BOOKMARK [1][-]{section.2.1}{\376\377\000M\000e\000s\000u\000r\000e\000\040\000d\000e\000\040\000l\000a\000\040\000p\000a\000u\000v\000r\000e\000t\000e\000\040\000m\000u\000l\000t\000i\000d\000i\000m\000e\000n\000s\000i\000o\000n\000n\000e\000l\000l\000e\000\040\000d\000e\000s\000\040\000e\000n\000f\000a\000n\000t\000s}{chapter.2}% 27
\BOOKMARK [2][-]{subsection.2.1.1}{\376\377\000F\000o\000n\000d\000e\000m\000e\000n\000t\000s\000\040\000c\000o\000n\000c\000e\000p\000t\000u\000e\000l\000s\000\040\000:\000\040\000l\000'\000a\000p\000p\000r\000o\000c\000h\000e\000\040\000d\000e\000s\000\040\000c\000a\000p\000a\000b\000i\000l\000i\000t\000e\000s\000\040\000e\000t\000\040\000l\000a\000\040\000m\000e\000t\000h\000o\000d\000e\000\040\000A\000l\000k\000i\000r\000e\000-\000F\000o\000s\000t\000e\000r}{section.2.1}% 28
\BOOKMARK [2][-]{subsection.2.1.2}{\376\377\000D\000i\000m\000e\000n\000s\000i\000o\000n\000s\000,\000\040\000i\000n\000d\000i\000c\000a\000t\000e\000u\000r\000s\000\040\000e\000t\000\040\000s\000e\000u\000i\000l\000s\000\040\000r\000e\000t\000e\000n\000u\000s}{section.2.1}% 29
\BOOKMARK [2][-]{subsection.2.1.3}{\376\377\000C\000o\000n\000s\000t\000r\000u\000c\000t\000i\000o\000n\000\040\000d\000e\000\040\000l\000'\000I\000P\000M\000-\000E\000n\000f\000a\000n\000t}{section.2.1}% 30
\BOOKMARK [3][-]{section*.13}{\376\377\000E\000t\000a\000p\000e\000\040\0001\000\040\000:\000\040\000i\000d\000e\000n\000t\000i\000f\000i\000c\000a\000t\000i\000o\000n\000\040\000d\000e\000s\000\040\000p\000r\000i\000v\000e\000\040\000e\000t\000\040\000d\000e\000s\000\040\000m\000u\000l\000t\000i\000d\000i\000m\000e\000n\000s\000i\000o\000n\000n\000e\000l\000l\000e\000m\000e\000n\000t\000\040\000p\000a\000u\000v\000r\000e\000s}{subsection.2.1.3}% 31
\BOOKMARK [3][-]{section*.14}{\376\377\000E\000t\000a\000p\000e\000\040\0002\000\040\000:\000\040\000a\000g\000r\000e\000g\000a\000t\000i\000o\000n\000\040\040\023\000\040\000l\000'\000I\000P\000M\000-\000E\000n\000f\000a\000n\000t}{subsection.2.1.3}% 32
\BOOKMARK [3][-]{section*.15}{\376\377\000D\000e\000c\000o\000m\000p\000o\000s\000a\000b\000i\000l\000i\000t\000e\000\040\000p\000a\000r\000\040\000s\000o\000u\000s\000-\000g\000r\000o\000u\000p\000e\000s\000\040\000e\000t\000\040\000p\000a\000r\000\040\000d\000i\000m\000e\000n\000s\000i\000o\000n\000s}{subsection.2.1.3}% 33
\BOOKMARK [1][-]{section.2.2}{\376\377\000D\000o\000n\000n\000e\000e\000s\000\040\000:\000\040\000l\000e\000s\000\040\000e\000n\000q\000u\000e\000t\000e\000s\000\040\000E\000H\000C\000V\000M\000\040\000I\000\040\000e\000t\000\040\000I\000I}{chapter.2}% 34
\BOOKMARK [2][-]{subsection.2.2.1}{\376\377\000P\000r\000e\000s\000e\000n\000t\000a\000t\000i\000o\000n\000\040\000d\000e\000s\000\040\000e\000n\000q\000u\000e\000t\000e\000s\000\040\000h\000a\000r\000m\000o\000n\000i\000s\000e\000e\000s\000\040\000s\000u\000r\000\040\000l\000e\000s\000\040\000c\000o\000n\000d\000i\000t\000i\000o\000n\000s\000\040\000d\000e\000\040\000v\000i\000e\000\040\000d\000e\000s\000\040\000m\000e\000n\000a\000g\000e\000s}{section.2.2}% 35
\BOOKMARK [2][-]{subsection.2.2.2}{\376\377\000C\000o\000n\000s\000t\000r\000u\000c\000t\000i\000o\000n\000\040\000d\000e\000\040\000l\000'\000e\000c\000h\000a\000n\000t\000i\000l\000l\000o\000n\000\040\000d\000'\000a\000n\000a\000l\000y\000s\000e}{section.2.2}% 36
\BOOKMARK [3][-]{section*.16}{\376\377\000P\000o\000p\000u\000l\000a\000t\000i\000o\000n\000\040\000c\000i\000b\000l\000e}{subsection.2.2.2}% 37
\BOOKMARK [3][-]{section*.17}{\376\377\000C\000o\000n\000s\000t\000i\000t\000u\000t\000i\000o\000n\000\040\000d\000u\000\040\000p\000s\000e\000u\000d\000o\000-\000p\000a\000n\000e\000l}{subsection.2.2.2}% 38
\BOOKMARK [3][-]{section*.18}{\376\377\000C\000r\000i\000t\000e\000r\000e\000s\000\040\000d\000'\000i\000n\000c\000l\000u\000s\000i\000o\000n\000\040\000e\000t\000\040\000d\000e\000\040\000n\000e\000t\000t\000o\000y\000a\000g\000e}{subsection.2.2.2}% 39
\BOOKMARK [2][-]{subsection.2.2.3}{\376\377\000V\000a\000r\000i\000a\000b\000l\000e\000\040\000d\000e\000\040\000t\000r\000a\000i\000t\000e\000m\000e\000n\000t\000\040\000:\000\040\000r\000e\000c\000e\000p\000t\000i\000o\000n\000\040\000d\000e\000\040\000t\000r\000a\000n\000s\000f\000e\000r\000t\000s\000\040\000d\000e\000\040\000m\000i\000g\000r\000a\000n\000t\000s}{section.2.2}% 40
\BOOKMARK [2][-]{subsection.2.2.4}{\376\377\000V\000a\000r\000i\000a\000b\000l\000e\000s\000\040\000d\000e\000\040\000l\000'\000I\000P\000M\000-\000E\000n\000f\000a\000n\000t\000\040\000d\000a\000n\000s\000\040\000l\000e\000s\000\040\000b\000a\000s\000e\000s\000\040\000E\000H\000C\000V\000M}{section.2.2}% 41
\BOOKMARK [2][-]{subsection.2.2.5}{\376\377\000C\000o\000v\000a\000r\000i\000a\000b\000l\000e\000s\000\040\000d\000u\000\040\000m\000o\000d\000e\000l\000e\000\040\000d\000e\000\040\000p\000r\000o\000p\000e\000n\000s\000i\000o\000n}{section.2.2}% 42
\BOOKMARK [1][-]{section.2.3}{\376\377\000S\000t\000r\000a\000t\000e\000g\000i\000e\000\040\000d\000'\000i\000d\000e\000n\000t\000i\000f\000i\000c\000a\000t\000i\000o\000n\000\040\000c\000a\000u\000s\000a\000l\000e\000\040\000:\000\040\000P\000S\000M\000\040\000c\000o\000m\000b\000i\000n\000e\000\040\000a\000\040\000l\000a\000\040\000d\000o\000u\000b\000l\000e\000\040\000d\000i\000f\000f\000e\000r\000e\000n\000c\000e}{chapter.2}% 43
\BOOKMARK [2][-]{subsection.2.3.1}{\376\377\000L\000e\000\040\000c\000a\000d\000r\000e\000\040\000d\000e\000s\000\040\000r\000e\000s\000u\000l\000t\000a\000t\000s\000\040\000p\000o\000t\000e\000n\000t\000i\000e\000l\000s}{section.2.3}% 44
\BOOKMARK [2][-]{subsection.2.3.2}{\376\377\000L\000'\000a\000p\000p\000a\000r\000i\000e\000m\000e\000n\000t\000\040\000p\000a\000r\000\040\000s\000c\000o\000r\000e\000\040\000d\000e\000\040\000p\000r\000o\000p\000e\000n\000s\000i\000o\000n}{section.2.3}% 45
\BOOKMARK [3][-]{section*.21}{\376\377\000H\000y\000p\000o\000t\000h\000e\000s\000e\000s\000\040\000d\000'\000i\000d\000e\000n\000t\000i\000f\000i\000c\000a\000t\000i\000o\000n\000\040\000d\000u\000\040\000P\000S\000M}{subsection.2.3.2}% 46
\BOOKMARK [3][-]{section*.22}{\376\377\000E\000s\000t\000i\000m\000a\000t\000i\000o\000n\000\040\000d\000u\000\040\000s\000c\000o\000r\000e\000\040\000d\000e\000\040\000p\000r\000o\000p\000e\000n\000s\000i\000o\000n\000\040\000p\000a\000r\000\040\000u\000n\000\040\000m\000o\000d\000e\000l\000e\000\040\000p\000r\000o\000b\000i\000t}{subsection.2.3.2}% 47
\BOOKMARK [3][-]{section*.23}{\376\377\000A\000l\000g\000o\000r\000i\000t\000h\000m\000e\000s\000\040\000d\000'\000a\000p\000p\000a\000r\000i\000e\000m\000e\000n\000t}{subsection.2.3.2}% 48
\BOOKMARK [3][-]{section*.24}{\376\377\000T\000e\000s\000t\000s\000\040\000d\000'\000e\000q\000u\000i\000l\000i\000b\000r\000e\000\040\000a\000p\000r\000e\000s\000\040\000a\000p\000p\000a\000r\000i\000e\000m\000e\000n\000t}{subsection.2.3.2}% 49
\BOOKMARK [2][-]{subsection.2.3.3}{\376\377\000L\000a\000\040\000d\000o\000u\000b\000l\000e\000\040\000d\000i\000f\000f\000e\000r\000e\000n\000c\000e}{section.2.3}% 50
\BOOKMARK [3][-]{section*.25}{\376\377\000P\000r\000i\000n\000c\000i\000p\000e\000\040\000e\000t\000\040\000h\000y\000p\000o\000t\000h\000e\000s\000e\000\040\000d\000'\000i\000d\000e\000n\000t\000i\000f\000i\000c\000a\000t\000i\000o\000n}{subsection.2.3.3}% 51
\BOOKMARK [3][-]{section*.26}{\376\377\000F\000o\000r\000m\000u\000l\000a\000t\000i\000o\000n\000\040\000e\000c\000o\000n\000o\000m\000e\000t\000r\000i\000q\000u\000e}{subsection.2.3.3}% 52
\BOOKMARK [2][-]{subsection.2.3.4}{\376\377\000L\000'\000e\000s\000t\000i\000m\000a\000t\000e\000u\000r\000\040\000P\000S\000M\000-\000D\000o\000u\000b\000l\000e\000\040\000d\000i\000f\000f\000e\000r\000e\000n\000c\000e}{section.2.3}% 53
\BOOKMARK [3][-]{section*.27}{\376\377\000R\000a\000t\000i\000o\000n\000a\000l\000e\000\040\000d\000e\000\040\000l\000a\000\040\000c\000o\000m\000b\000i\000n\000a\000i\000s\000o\000n}{subsection.2.3.4}% 54
\BOOKMARK [3][-]{section*.28}{\376\377\000L\000'\000e\000s\000t\000i\000m\000a\000t\000e\000u\000r\000\040\000P\000S\000M\000-\000D\000D}{subsection.2.3.4}% 55
\BOOKMARK [3][-]{section*.29}{\376\377\000I\000n\000f\000e\000r\000e\000c\000e\000\040\000s\000t\000a\000t\000i\000s\000t\000i\000q\000u\000e}{subsection.2.3.4}% 56
\BOOKMARK [2][-]{subsection.2.3.5}{\376\377\000A\000n\000a\000l\000y\000s\000e\000s\000\040\000d\000'\000h\000e\000t\000e\000r\000o\000g\000e\000n\000e\000i\000t\000e\000\040\000e\000t\000\040\000d\000e\000\040\000r\000o\000b\000u\000s\000t\000e\000s\000s\000e}{section.2.3}% 57
\BOOKMARK [3][-]{section*.30}{\376\377\000A\000n\000a\000l\000y\000s\000e\000s\000\040\000d\000'\000h\000e\000t\000e\000r\000o\000g\000e\000n\000e\000i\000t\000e}{subsection.2.3.5}% 58
\BOOKMARK [3][-]{section*.31}{\376\377\000T\000e\000s\000t\000s\000\040\000d\000e\000\040\000r\000o\000b\000u\000s\000t\000e\000s\000s\000e}{subsection.2.3.5}% 59
\BOOKMARK [1][-]{section*.32}{\376\377\000C\000o\000n\000c\000l\000u\000s\000i\000o\000n\000\040\000d\000u\000\040\000c\000h\000a\000p\000i\000t\000r\000e\000\040\0002}{chapter.2}% 60
\BOOKMARK [0][-]{chapter.3}{\376\377\000R\000\351\000s\000u\000l\000t\000a\000t\000s\000\040\000e\000m\000p\000i\000r\000i\000q\000u\000e\000s}{}% 61
\BOOKMARK [1][-]{section.3.1}{\376\377\000P\000a\000u\000v\000r\000e\000t\000\351\000\040\000m\000u\000l\000t\000i\000d\000i\000m\000e\000n\000s\000i\000o\000n\000n\000e\000l\000l\000e\000\040\000d\000e\000s\000\040\000e\000n\000f\000a\000n\000t\000s\000\040\000a\000u\000\040\000S\000\351\000n\000\351\000g\000a\000l\000\040\000:\000\040\000\351\000t\000a\000t\000\040\000d\000e\000s\000\040\000l\000i\000e\000u\000x}{chapter.3}% 62
\BOOKMARK [2][-]{subsection.3.1.1}{\376\377\000R\000\351\000s\000u\000l\000t\000a\000t\000s\000\040\000E\000H\000C\000V\000M\000\040\000I\000\040\000\050\0002\0000\0001\0008\040\023\0002\0000\0001\0009\000\051}{section.3.1}% 63
\BOOKMARK [2][-]{subsection.3.1.2}{\376\377\000R\000\351\000s\000u\000l\000t\000a\000t\000s\000\040\000E\000H\000C\000V\000M\000\040\000I\000I\000\040\000\050\0002\0000\0002\0001\040\023\0002\0000\0002\0002\000\051}{section.3.1}% 64
\BOOKMARK [2][-]{subsection.3.1.3}{\376\377\000\311\000v\000o\000l\000u\000t\000i\000o\000n\000\040\000e\000n\000t\000r\000e\000\040\000l\000e\000s\000\040\000d\000e\000u\000x\000\040\000v\000a\000g\000u\000e\000s}{section.3.1}% 65
\BOOKMARK [1][-]{section.3.2}{\376\377\000E\000s\000t\000i\000m\000a\000t\000i\000o\000n\000\040\000d\000u\000\040\000s\000c\000o\000r\000e\000\040\000d\000e\000\040\000p\000r\000o\000p\000e\000n\000s\000i\000o\000n}{chapter.3}% 66
\BOOKMARK [2][-]{subsection.3.2.1}{\376\377\000R\000\351\000s\000u\000l\000t\000a\000t\000s\000\040\000d\000u\000\040\000m\000o\000d\000\350\000l\000e\000\040\000p\000r\000o\000b\000i\000t}{section.3.2}% 67
\BOOKMARK [2][-]{subsection.3.2.2}{\376\377\000V\000\351\000r\000i\000f\000i\000c\000a\000t\000i\000o\000n\000\040\000d\000e\000\040\000l\000a\000\040\000q\000u\000a\000l\000i\000t\000\351\000\040\000d\000e\000\040\000l\000'\000a\000p\000p\000a\000r\000i\000e\000m\000e\000n\000t}{section.3.2}% 68
\BOOKMARK [3][-]{section*.35}{\376\377\000S\000u\000p\000p\000o\000r\000t\000\040\000c\000o\000m\000m\000u\000n}{subsection.3.2.2}% 69
\BOOKMARK [3][-]{section*.37}{\376\377\000\311\000q\000u\000i\000l\000i\000b\000r\000e\000\040\000d\000e\000s\000\040\000c\000o\000v\000a\000r\000i\000a\000b\000l\000e\000s}{subsection.3.2.2}% 70
\BOOKMARK [1][-]{section.3.3}{\376\377\000I\000m\000p\000a\000c\000t\000\040\000d\000e\000s\000\040\000t\000r\000a\000n\000s\000f\000e\000r\000t\000s\000\040\000d\000e\000\040\000m\000i\000g\000r\000a\000n\000t\000s\000\040\000s\000u\000r\000\040\000l\000a\000\040\000p\000a\000u\000v\000r\000e\000t\000\351\000\040\000m\000u\000l\000t\000i\000d\000i\000m\000e\000n\000s\000i\000o\000n\000n\000e\000l\000l\000e\000\040\000d\000e\000s\000\040\000e\000n\000f\000a\000n\000t\000s}{chapter.3}% 71
\BOOKMARK [2][-]{subsection.3.3.1}{\376\377\000R\000\351\000s\000u\000l\000t\000a\000t\000s\000\040\000P\000S\000M}{section.3.3}% 72
\BOOKMARK [2][-]{subsection.3.3.2}{\376\377\000R\000\351\000s\000u\000l\000t\000a\000t\000s\000\040\000P\000S\000M\000-\000D\000o\000u\000b\000l\000e\000\040\000d\000i\000f\000f\000\351\000r\000e\000n\000c\000e}{section.3.3}% 73
\BOOKMARK [2][-]{subsection.3.3.3}{\376\377\000E\000f\000f\000e\000t\000s\000\040\000p\000a\000r\000\040\000d\000i\000m\000e\000n\000s\000i\000o\000n}{section.3.3}% 74
\BOOKMARK [1][-]{section*.41}{\376\377\000C\000o\000n\000c\000l\000u\000s\000i\000o\000n\000\040\000d\000u\000\040\000c\000h\000a\000p\000i\000t\000r\000e\000\040\0003}{chapter.3}% 75
\BOOKMARK [0][-]{chapter.4}{\376\377\000R\000o\000b\000u\000s\000t\000e\000s\000s\000e\000,\000\040\000h\000\351\000t\000\351\000r\000o\000g\000\351\000n\000\351\000i\000t\000\351\000\040\000e\000t\000\040\000i\000m\000p\000l\000i\000c\000a\000t\000i\000o\000n\000s}{}% 76
\BOOKMARK [1][-]{section.4.1}{\376\377\000T\000e\000s\000t\000s\000\040\000d\000e\000\040\000r\000o\000b\000u\000s\000t\000e\000s\000s\000e}{chapter.4}% 77
\BOOKMARK [2][-]{subsection.4.1.1}{\376\377\000S\000e\000n\000s\000i\000b\000i\000l\000i\000t\000\351\000\040\000a\000u\000\040\000c\000h\000o\000i\000x\000\040\000d\000u\000\040\000s\000e\000u\000i\000l\000\040\000i\000n\000t\000e\000r\000-\000d\000i\000m\000e\000n\000s\000i\000o\000n\000n\000e\000l}{section.4.1}% 78
\BOOKMARK [2][-]{subsection.4.1.2}{\376\377\000S\000e\000n\000s\000i\000b\000i\000l\000i\000t\000\351\000\040\000a\000u\000\040\000c\000h\000o\000i\000x\000\040\000d\000e\000s\000\040\000i\000n\000d\000i\000c\000a\000t\000e\000u\000r\000s}{section.4.1}% 79
\BOOKMARK [2][-]{subsection.4.1.3}{\376\377\000S\000e\000n\000s\000i\000b\000i\000l\000i\000t\000\351\000\040\000a\000u\000\040\000c\000h\000o\000i\000x\000\040\000d\000e\000\040\000l\000a\000\040\000m\000\351\000t\000h\000o\000d\000e\000\040\000d\000'\000a\000p\000p\000a\000r\000i\000e\000m\000e\000n\000t}{section.4.1}% 80
\BOOKMARK [2][-]{subsection.4.1.4}{\376\377\000T\000e\000s\000t\000\040\000d\000e\000\040\000b\000i\000a\000i\000s\000\040\000c\000a\000c\000h\000\351\000\040\000d\000e\000\040\000R\000o\000s\000e\000n\000b\000a\000u\000m}{section.4.1}% 81
\BOOKMARK [1][-]{section.4.2}{\376\377\000A\000n\000a\000l\000y\000s\000e\000\040\000d\000e\000\040\000l\000'\000h\000\351\000t\000\351\000r\000o\000g\000\351\000n\000\351\000i\000t\000\351\000\040\000d\000e\000s\000\040\000e\000f\000f\000e\000t\000s}{chapter.4}% 82
\BOOKMARK [2][-]{subsection.4.2.1}{\376\377\000S\000e\000l\000o\000n\000\040\000l\000e\000\040\000m\000i\000l\000i\000e\000u\000\040\000d\000e\000\040\000r\000\351\000s\000i\000d\000e\000n\000c\000e}{section.4.2}% 83
\BOOKMARK [2][-]{subsection.4.2.2}{\376\377\000S\000e\000l\000o\000n\000\040\000l\000e\000\040\000s\000e\000x\000e\000\040\000d\000e\000\040\000l\000'\000e\000n\000f\000a\000n\000t}{section.4.2}% 84
\BOOKMARK [2][-]{subsection.4.2.3}{\376\377\000S\000e\000l\000o\000n\000\040\000l\000a\000\040\000t\000r\000a\000n\000c\000h\000e\000\040\000d\000'\000\342\000g\000e}{section.4.2}% 85
\BOOKMARK [2][-]{subsection.4.2.4}{\376\377\000S\000e\000l\000o\000n\000\040\000l\000e\000\040\000m\000o\000n\000t\000a\000n\000t\000\040\000d\000e\000s\000\040\000t\000r\000a\000n\000s\000f\000e\000r\000t\000s}{section.4.2}% 86
\BOOKMARK [1][-]{section.4.3}{\376\377\000D\000i\000s\000c\000u\000s\000s\000i\000o\000n\000\040\000e\000t\000\040\000i\000m\000p\000l\000i\000c\000a\000t\000i\000o\000n\000s\000\040\000d\000e\000\040\000p\000o\000l\000i\000t\000i\000q\000u\000e\000\040\000\351\000c\000o\000n\000o\000m\000i\000q\000u\000e}{chapter.4}% 87
\BOOKMARK [2][-]{subsection.4.3.1}{\376\377\000I\000n\000t\000e\000r\000p\000r\000\351\000t\000a\000t\000i\000o\000n\000\040\000d\000e\000s\000\040\000r\000\351\000s\000u\000l\000t\000a\000t\000s}{section.4.3}% 88
\BOOKMARK [2][-]{subsection.4.3.2}{\376\377\000I\000m\000p\000l\000i\000c\000a\000t\000i\000o\000n\000s\000\040\000p\000o\000u\000r\000\040\000l\000e\000s\000\040\000p\000o\000l\000i\000t\000i\000q\000u\000e\000s\000\040\000p\000u\000b\000l\000i\000q\000u\000e\000s}{section.4.3}% 89
\BOOKMARK [1][-]{section*.43}{\376\377\000C\000o\000n\000c\000l\000u\000s\000i\000o\000n\000\040\000d\000u\000\040\000c\000h\000a\000p\000i\000t\000r\000e\000\040\0004}{chapter.4}% 90
\BOOKMARK [0][-]{chapter*.44}{\376\377\000C\000o\000n\000c\000l\000u\000s\000i\000o\000n\000\040\000g\000e\000n\000e\000r\000a\000l\000e}{}% 91
\BOOKMARK [0][-]{chapter.1.A}{\376\377\000R\000\351\000s\000u\000l\000t\000a\000t\000s\000\040\000c\000o\000m\000p\000l\000\351\000m\000e\000n\000t\000a\000i\000r\000e\000s\000\040\000d\000e\000\040\000l\000'\000a\000p\000p\000a\000r\000i\000e\000m\000e\000n\000t}{}% 92
\BOOKMARK [1][-]{section.1.A.1}{\376\377\000T\000e\000s\000t\000s\000\040\000d\000'\000\351\000q\000u\000i\000l\000i\000b\000r\000e\000\040\000d\000\351\000t\000a\000i\000l\000l\000\351\000s\000\040\000a\000v\000a\000n\000t\000\040\000e\000t\000\040\000a\000p\000r\000\350\000s\000\040\000a\000p\000p\000a\000r\000i\000e\000m\000e\000n\000t}{chapter.1.A}% 93
\BOOKMARK [1][-]{section.1.A.2}{\376\377\000R\000\351\000s\000u\000l\000t\000a\000t\000s\000\040\000P\000S\000M\000\040\000a\000v\000e\000c\000\040\000d\000i\000f\000f\000\351\000r\000e\000n\000t\000e\000s\000\040\000m\000\351\000t\000h\000o\000d\000e\000s\000\040\000d\000'\000a\000p\000p\000a\000r\000i\000e\000m\000e\000n\000t}{chapter.1.A}% 94
\BOOKMARK [1][-]{section.1.A.3}{\376\377\000T\000e\000s\000t\000\040\000d\000e\000\040\000s\000e\000n\000s\000i\000b\000i\000l\000i\000t\000\351\000\040\000d\000e\000\040\000R\000o\000s\000e\000n\000b\000a\000u\000m}{chapter.1.A}% 95
\BOOKMARK [0][-]{chapter.1.B}{\376\377\000C\000o\000d\000e\000\040\000R\000\040\000p\000o\000u\000r\000\040\000l\000a\000\040\000m\000i\000s\000e\000\040\000e\000n\000\040\000o\000e\000u\000v\000r\000e\000\040\000d\000e\000\040\000l\000a\000\040\000m\000e\000t\000h\000o\000d\000e\000\040\000P\000S\000M\000-\000D\000D}{}% 96
\BOOKMARK [1][-]{section.1.B.1}{\376\377\000N\000e\000t\000t\000o\000y\000a\000g\000e\000\040\000e\000t\000\040\000f\000u\000s\000i\000o\000n\000\040\000d\000e\000s\000\040\000b\000a\000s\000e\000s\000\040\000E\000H\000C\000V\000M\000\040\000I\000\040\000e\000t\000\040\000I\000I}{chapter.1.B}% 97
\BOOKMARK [1][-]{section.1.B.2}{\376\377\000E\000s\000t\000i\000m\000a\000t\000i\000o\000n\000\040\000d\000u\000\040\000s\000c\000o\000r\000e\000\040\000d\000e\000\040\000p\000r\000o\000p\000e\000n\000s\000i\000o\000n}{chapter.1.B}% 98
\BOOKMARK [1][-]{section.1.B.3}{\376\377\000A\000p\000p\000a\000r\000i\000e\000m\000e\000n\000t}{chapter.1.B}% 99
