-----------------------------------------------------------------------------------------------------------------------------------------------------------------------
      name:  <unnamed>
       log:  C:\Users\Bmd\Documents\ISE\Cours\ISE3\Memoire\code\stata\analyse.log
  log type:  text
 opened on:  26 Jun 2026, 02:49:05

. 
. do "01_visitation.do"

. /* ============================================================
>    01_visitation.do — Exploration des deux bases EHCVM
>    ============================================================ */
. 
. do "code/stata/config.do"
file code/stata/config.do not found
r(601);

end of do-file
r(601);

end of do-file

r(601);

. cd ..
C:\Users\Bmd\Documents\ISE\Cours\ISE3\Memoire\code

. cd ..
C:\Users\Bmd\Documents\ISE\Cours\ISE3\Memoire

. do "C:\Users\Bmd\AppData\Local\Temp\STD4224_000000.tmp"

. /* ============================================================
>    main.do — Script maitre (executer dans l'ordre)
>    ============================================================ */
. 
. 
end of do-file

. do "C:\Users\Bmd\AppData\Local\Temp\STD4224_000000.tmp"

. /* ============================================================
>    main.do — Script maitre (executer dans l'ordre)
>    ============================================================ */
. 
. capture log close
